[2023-06-24 21:45:54,105] {scheduler_job.py:182} INFO - Started process (PID=19) to work on /opt/airflow/dags/main.py
[2023-06-24 21:45:54,106] {scheduler_job.py:633} INFO - Processing file /opt/airflow/dags/main.py for tasks to queue
[2023-06-24 21:45:54,107] {logging_mixin.py:104} INFO - [2023-06-24 21:45:54,107] {dagbag.py:496} INFO - Filling up the DagBag from /opt/airflow/dags/main.py
[2023-06-24 21:45:55,426] {scheduler_job.py:643} INFO - DAG(s) dict_keys(['booking_ingestion']) retrieved from /opt/airflow/dags/main.py
[2023-06-24 21:45:55,443] {logging_mixin.py:104} INFO - [2023-06-24 21:45:55,443] {dag.py:1833} INFO - Sync 1 DAGs
[2023-06-24 21:45:55,457] {logging_mixin.py:104} INFO - [2023-06-24 21:45:55,457] {dag.py:2306} INFO - Setting next_dagrun for booking_ingestion to 2023-06-23 21:45:55.457517+00:00
[2023-06-24 21:45:55,487] {scheduler_job.py:190} INFO - Processing /opt/airflow/dags/main.py took 1.384 seconds
[2023-06-24 21:46:25,564] {scheduler_job.py:182} INFO - Started process (PID=31) to work on /opt/airflow/dags/main.py
[2023-06-24 21:46:25,565] {scheduler_job.py:633} INFO - Processing file /opt/airflow/dags/main.py for tasks to queue
[2023-06-24 21:46:25,566] {logging_mixin.py:104} INFO - [2023-06-24 21:46:25,566] {dagbag.py:496} INFO - Filling up the DagBag from /opt/airflow/dags/main.py
[2023-06-24 21:46:26,011] {scheduler_job.py:643} INFO - DAG(s) dict_keys(['booking_ingestion']) retrieved from /opt/airflow/dags/main.py
[2023-06-24 21:46:26,027] {logging_mixin.py:104} INFO - [2023-06-24 21:46:26,027] {dag.py:1833} INFO - Sync 1 DAGs
[2023-06-24 21:46:26,039] {logging_mixin.py:104} INFO - [2023-06-24 21:46:26,039] {dag.py:2306} INFO - Setting next_dagrun for booking_ingestion to 2023-06-23 21:46:26.039081+00:00
[2023-06-24 21:46:26,066] {scheduler_job.py:190} INFO - Processing /opt/airflow/dags/main.py took 0.504 seconds
[2023-06-24 21:46:56,178] {scheduler_job.py:182} INFO - Started process (PID=43) to work on /opt/airflow/dags/main.py
[2023-06-24 21:46:56,180] {scheduler_job.py:633} INFO - Processing file /opt/airflow/dags/main.py for tasks to queue
[2023-06-24 21:46:56,181] {logging_mixin.py:104} INFO - [2023-06-24 21:46:56,181] {dagbag.py:496} INFO - Filling up the DagBag from /opt/airflow/dags/main.py
[2023-06-24 21:46:56,790] {scheduler_job.py:643} INFO - DAG(s) dict_keys(['booking_ingestion']) retrieved from /opt/airflow/dags/main.py
[2023-06-24 21:46:56,812] {logging_mixin.py:104} INFO - [2023-06-24 21:46:56,811] {dag.py:1833} INFO - Sync 1 DAGs
[2023-06-24 21:46:56,830] {logging_mixin.py:104} INFO - [2023-06-24 21:46:56,830] {dag.py:2306} INFO - Setting next_dagrun for booking_ingestion to 2023-06-23 21:46:56.830588+00:00
[2023-06-24 21:46:56,868] {scheduler_job.py:190} INFO - Processing /opt/airflow/dags/main.py took 0.694 seconds
[2023-06-24 21:47:27,567] {scheduler_job.py:182} INFO - Started process (PID=83) to work on /opt/airflow/dags/main.py
[2023-06-24 21:47:27,568] {scheduler_job.py:633} INFO - Processing file /opt/airflow/dags/main.py for tasks to queue
[2023-06-24 21:47:27,569] {logging_mixin.py:104} INFO - [2023-06-24 21:47:27,569] {dagbag.py:496} INFO - Filling up the DagBag from /opt/airflow/dags/main.py
[2023-06-24 21:47:27,913] {scheduler_job.py:643} INFO - DAG(s) dict_keys(['booking_ingestion']) retrieved from /opt/airflow/dags/main.py
[2023-06-24 21:47:27,925] {logging_mixin.py:104} INFO - [2023-06-24 21:47:27,925] {dag.py:1833} INFO - Sync 1 DAGs
[2023-06-24 21:47:27,935] {logging_mixin.py:104} INFO - [2023-06-24 21:47:27,935] {dag.py:2306} INFO - Setting next_dagrun for booking_ingestion to 2023-06-24 21:46:56.830588+00:00
[2023-06-24 21:47:27,960] {scheduler_job.py:190} INFO - Processing /opt/airflow/dags/main.py took 0.396 seconds
[2023-06-24 21:47:58,593] {scheduler_job.py:182} INFO - Started process (PID=95) to work on /opt/airflow/dags/main.py
[2023-06-24 21:47:58,595] {scheduler_job.py:633} INFO - Processing file /opt/airflow/dags/main.py for tasks to queue
[2023-06-24 21:47:58,596] {logging_mixin.py:104} INFO - [2023-06-24 21:47:58,596] {dagbag.py:496} INFO - Filling up the DagBag from /opt/airflow/dags/main.py
[2023-06-24 21:47:59,036] {scheduler_job.py:643} INFO - DAG(s) dict_keys(['booking_ingestion']) retrieved from /opt/airflow/dags/main.py
[2023-06-24 21:47:59,051] {logging_mixin.py:104} INFO - [2023-06-24 21:47:59,051] {dag.py:1833} INFO - Sync 1 DAGs
[2023-06-24 21:47:59,062] {logging_mixin.py:104} INFO - [2023-06-24 21:47:59,062] {dag.py:2306} INFO - Setting next_dagrun for booking_ingestion to 2023-06-24 21:46:56.830588+00:00
[2023-06-24 21:47:59,088] {scheduler_job.py:190} INFO - Processing /opt/airflow/dags/main.py took 0.497 seconds
[2023-06-24 21:48:29,896] {scheduler_job.py:182} INFO - Started process (PID=107) to work on /opt/airflow/dags/main.py
[2023-06-24 21:48:29,897] {scheduler_job.py:633} INFO - Processing file /opt/airflow/dags/main.py for tasks to queue
[2023-06-24 21:48:29,898] {logging_mixin.py:104} INFO - [2023-06-24 21:48:29,898] {dagbag.py:496} INFO - Filling up the DagBag from /opt/airflow/dags/main.py
[2023-06-24 21:48:30,427] {scheduler_job.py:643} INFO - DAG(s) dict_keys(['booking_ingestion']) retrieved from /opt/airflow/dags/main.py
[2023-06-24 21:48:30,446] {logging_mixin.py:104} INFO - [2023-06-24 21:48:30,445] {dag.py:1833} INFO - Sync 1 DAGs
[2023-06-24 21:48:30,465] {logging_mixin.py:104} INFO - [2023-06-24 21:48:30,465] {dag.py:2306} INFO - Setting next_dagrun for booking_ingestion to 2023-06-24 21:46:56.830588+00:00
[2023-06-24 21:48:30,499] {scheduler_job.py:190} INFO - Processing /opt/airflow/dags/main.py took 0.607 seconds
[2023-06-24 21:49:01,270] {scheduler_job.py:182} INFO - Started process (PID=119) to work on /opt/airflow/dags/main.py
[2023-06-24 21:49:01,272] {scheduler_job.py:633} INFO - Processing file /opt/airflow/dags/main.py for tasks to queue
[2023-06-24 21:49:01,273] {logging_mixin.py:104} INFO - [2023-06-24 21:49:01,273] {dagbag.py:496} INFO - Filling up the DagBag from /opt/airflow/dags/main.py
[2023-06-24 21:49:01,769] {scheduler_job.py:643} INFO - DAG(s) dict_keys(['booking_ingestion']) retrieved from /opt/airflow/dags/main.py
[2023-06-24 21:49:01,786] {logging_mixin.py:104} INFO - [2023-06-24 21:49:01,786] {dag.py:1833} INFO - Sync 1 DAGs
[2023-06-24 21:49:01,800] {logging_mixin.py:104} INFO - [2023-06-24 21:49:01,800] {dag.py:2306} INFO - Setting next_dagrun for booking_ingestion to 2023-06-24 21:46:56.830588+00:00
[2023-06-24 21:49:01,829] {scheduler_job.py:190} INFO - Processing /opt/airflow/dags/main.py took 0.561 seconds
[2023-06-24 21:49:32,518] {scheduler_job.py:182} INFO - Started process (PID=131) to work on /opt/airflow/dags/main.py
[2023-06-24 21:49:32,519] {scheduler_job.py:633} INFO - Processing file /opt/airflow/dags/main.py for tasks to queue
[2023-06-24 21:49:32,520] {logging_mixin.py:104} INFO - [2023-06-24 21:49:32,520] {dagbag.py:496} INFO - Filling up the DagBag from /opt/airflow/dags/main.py
[2023-06-24 21:49:32,985] {scheduler_job.py:643} INFO - DAG(s) dict_keys(['booking_ingestion']) retrieved from /opt/airflow/dags/main.py
[2023-06-24 21:49:33,004] {logging_mixin.py:104} INFO - [2023-06-24 21:49:33,004] {dag.py:1833} INFO - Sync 1 DAGs
[2023-06-24 21:49:33,022] {logging_mixin.py:104} INFO - [2023-06-24 21:49:33,022] {dag.py:2306} INFO - Setting next_dagrun for booking_ingestion to 2023-06-24 21:46:56.830588+00:00
[2023-06-24 21:49:33,056] {scheduler_job.py:190} INFO - Processing /opt/airflow/dags/main.py took 0.542 seconds
[2023-06-24 21:50:03,709] {scheduler_job.py:182} INFO - Started process (PID=143) to work on /opt/airflow/dags/main.py
[2023-06-24 21:50:03,710] {scheduler_job.py:633} INFO - Processing file /opt/airflow/dags/main.py for tasks to queue
[2023-06-24 21:50:03,710] {logging_mixin.py:104} INFO - [2023-06-24 21:50:03,710] {dagbag.py:496} INFO - Filling up the DagBag from /opt/airflow/dags/main.py
[2023-06-24 21:50:04,067] {scheduler_job.py:643} INFO - DAG(s) dict_keys(['booking_ingestion']) retrieved from /opt/airflow/dags/main.py
[2023-06-24 21:50:04,081] {logging_mixin.py:104} INFO - [2023-06-24 21:50:04,081] {dag.py:1833} INFO - Sync 1 DAGs
[2023-06-24 21:50:04,093] {logging_mixin.py:104} INFO - [2023-06-24 21:50:04,093] {dag.py:2306} INFO - Setting next_dagrun for booking_ingestion to 2023-06-24 21:46:56.830588+00:00
[2023-06-24 21:50:04,119] {scheduler_job.py:190} INFO - Processing /opt/airflow/dags/main.py took 0.413 seconds
[2023-06-24 21:50:34,666] {scheduler_job.py:182} INFO - Started process (PID=155) to work on /opt/airflow/dags/main.py
[2023-06-24 21:50:34,667] {scheduler_job.py:633} INFO - Processing file /opt/airflow/dags/main.py for tasks to queue
[2023-06-24 21:50:34,668] {logging_mixin.py:104} INFO - [2023-06-24 21:50:34,668] {dagbag.py:496} INFO - Filling up the DagBag from /opt/airflow/dags/main.py
[2023-06-24 21:50:35,003] {scheduler_job.py:643} INFO - DAG(s) dict_keys(['booking_ingestion']) retrieved from /opt/airflow/dags/main.py
[2023-06-24 21:50:35,017] {logging_mixin.py:104} INFO - [2023-06-24 21:50:35,017] {dag.py:1833} INFO - Sync 1 DAGs
[2023-06-24 21:50:35,028] {logging_mixin.py:104} INFO - [2023-06-24 21:50:35,028] {dag.py:2306} INFO - Setting next_dagrun for booking_ingestion to 2023-06-24 21:46:56.830588+00:00
[2023-06-24 21:50:35,053] {scheduler_job.py:190} INFO - Processing /opt/airflow/dags/main.py took 0.389 seconds
[2023-06-24 21:51:05,550] {scheduler_job.py:182} INFO - Started process (PID=167) to work on /opt/airflow/dags/main.py
[2023-06-24 21:51:05,550] {scheduler_job.py:633} INFO - Processing file /opt/airflow/dags/main.py for tasks to queue
[2023-06-24 21:51:05,551] {logging_mixin.py:104} INFO - [2023-06-24 21:51:05,551] {dagbag.py:496} INFO - Filling up the DagBag from /opt/airflow/dags/main.py
[2023-06-24 21:51:05,920] {scheduler_job.py:643} INFO - DAG(s) dict_keys(['booking_ingestion']) retrieved from /opt/airflow/dags/main.py
[2023-06-24 21:51:05,935] {logging_mixin.py:104} INFO - [2023-06-24 21:51:05,934] {dag.py:1833} INFO - Sync 1 DAGs
[2023-06-24 21:51:05,947] {logging_mixin.py:104} INFO - [2023-06-24 21:51:05,947] {dag.py:2306} INFO - Setting next_dagrun for booking_ingestion to 2023-06-24 21:46:56.830588+00:00
[2023-06-24 21:51:05,975] {scheduler_job.py:190} INFO - Processing /opt/airflow/dags/main.py took 0.427 seconds
[2023-06-24 21:51:36,562] {scheduler_job.py:182} INFO - Started process (PID=179) to work on /opt/airflow/dags/main.py
[2023-06-24 21:51:36,563] {scheduler_job.py:633} INFO - Processing file /opt/airflow/dags/main.py for tasks to queue
[2023-06-24 21:51:36,564] {logging_mixin.py:104} INFO - [2023-06-24 21:51:36,564] {dagbag.py:496} INFO - Filling up the DagBag from /opt/airflow/dags/main.py
[2023-06-24 21:51:36,908] {scheduler_job.py:643} INFO - DAG(s) dict_keys(['booking_ingestion']) retrieved from /opt/airflow/dags/main.py
[2023-06-24 21:51:36,923] {logging_mixin.py:104} INFO - [2023-06-24 21:51:36,923] {dag.py:1833} INFO - Sync 1 DAGs
[2023-06-24 21:51:36,934] {logging_mixin.py:104} INFO - [2023-06-24 21:51:36,934] {dag.py:2306} INFO - Setting next_dagrun for booking_ingestion to 2023-06-24 21:46:56.830588+00:00
[2023-06-24 21:51:36,961] {scheduler_job.py:190} INFO - Processing /opt/airflow/dags/main.py took 0.401 seconds
[2023-06-24 21:52:07,581] {scheduler_job.py:182} INFO - Started process (PID=191) to work on /opt/airflow/dags/main.py
[2023-06-24 21:52:07,582] {scheduler_job.py:633} INFO - Processing file /opt/airflow/dags/main.py for tasks to queue
[2023-06-24 21:52:07,583] {logging_mixin.py:104} INFO - [2023-06-24 21:52:07,583] {dagbag.py:496} INFO - Filling up the DagBag from /opt/airflow/dags/main.py
[2023-06-24 21:52:07,939] {scheduler_job.py:643} INFO - DAG(s) dict_keys(['booking_ingestion']) retrieved from /opt/airflow/dags/main.py
[2023-06-24 21:52:07,955] {logging_mixin.py:104} INFO - [2023-06-24 21:52:07,954] {dag.py:1833} INFO - Sync 1 DAGs
[2023-06-24 21:52:07,966] {logging_mixin.py:104} INFO - [2023-06-24 21:52:07,966] {dag.py:2306} INFO - Setting next_dagrun for booking_ingestion to 2023-06-24 21:46:56.830588+00:00
[2023-06-24 21:52:07,996] {scheduler_job.py:190} INFO - Processing /opt/airflow/dags/main.py took 0.417 seconds
[2023-06-24 21:52:38,661] {scheduler_job.py:182} INFO - Started process (PID=203) to work on /opt/airflow/dags/main.py
[2023-06-24 21:52:38,663] {scheduler_job.py:633} INFO - Processing file /opt/airflow/dags/main.py for tasks to queue
[2023-06-24 21:52:38,665] {logging_mixin.py:104} INFO - [2023-06-24 21:52:38,664] {dagbag.py:496} INFO - Filling up the DagBag from /opt/airflow/dags/main.py
[2023-06-24 21:52:39,158] {scheduler_job.py:643} INFO - DAG(s) dict_keys(['booking_ingestion']) retrieved from /opt/airflow/dags/main.py
[2023-06-24 21:52:39,176] {logging_mixin.py:104} INFO - [2023-06-24 21:52:39,175] {dag.py:1833} INFO - Sync 1 DAGs
[2023-06-24 21:52:39,191] {logging_mixin.py:104} INFO - [2023-06-24 21:52:39,190] {dag.py:2306} INFO - Setting next_dagrun for booking_ingestion to 2023-06-24 21:46:56.830588+00:00
[2023-06-24 21:52:39,246] {scheduler_job.py:190} INFO - Processing /opt/airflow/dags/main.py took 0.588 seconds
[2023-06-24 21:53:09,838] {scheduler_job.py:182} INFO - Started process (PID=215) to work on /opt/airflow/dags/main.py
[2023-06-24 21:53:09,839] {scheduler_job.py:633} INFO - Processing file /opt/airflow/dags/main.py for tasks to queue
[2023-06-24 21:53:09,840] {logging_mixin.py:104} INFO - [2023-06-24 21:53:09,840] {dagbag.py:496} INFO - Filling up the DagBag from /opt/airflow/dags/main.py
[2023-06-24 21:53:10,208] {scheduler_job.py:643} INFO - DAG(s) dict_keys(['booking_ingestion']) retrieved from /opt/airflow/dags/main.py
[2023-06-24 21:53:10,222] {logging_mixin.py:104} INFO - [2023-06-24 21:53:10,222] {dag.py:1833} INFO - Sync 1 DAGs
[2023-06-24 21:53:10,233] {logging_mixin.py:104} INFO - [2023-06-24 21:53:10,233] {dag.py:2306} INFO - Setting next_dagrun for booking_ingestion to 2023-06-24 21:46:56.830588+00:00
[2023-06-24 21:53:10,259] {scheduler_job.py:190} INFO - Processing /opt/airflow/dags/main.py took 0.423 seconds
[2023-06-24 21:53:40,891] {scheduler_job.py:182} INFO - Started process (PID=227) to work on /opt/airflow/dags/main.py
[2023-06-24 21:53:40,892] {scheduler_job.py:633} INFO - Processing file /opt/airflow/dags/main.py for tasks to queue
[2023-06-24 21:53:40,893] {logging_mixin.py:104} INFO - [2023-06-24 21:53:40,893] {dagbag.py:496} INFO - Filling up the DagBag from /opt/airflow/dags/main.py
[2023-06-24 21:53:41,252] {scheduler_job.py:643} INFO - DAG(s) dict_keys(['booking_ingestion']) retrieved from /opt/airflow/dags/main.py
[2023-06-24 21:53:41,274] {logging_mixin.py:104} INFO - [2023-06-24 21:53:41,274] {dag.py:1833} INFO - Sync 1 DAGs
[2023-06-24 21:53:41,286] {logging_mixin.py:104} INFO - [2023-06-24 21:53:41,286] {dag.py:2306} INFO - Setting next_dagrun for booking_ingestion to 2023-06-24 21:46:56.830588+00:00
[2023-06-24 21:53:41,311] {scheduler_job.py:190} INFO - Processing /opt/airflow/dags/main.py took 0.423 seconds
[2023-06-24 21:54:11,553] {scheduler_job.py:182} INFO - Started process (PID=239) to work on /opt/airflow/dags/main.py
[2023-06-24 21:54:11,554] {scheduler_job.py:633} INFO - Processing file /opt/airflow/dags/main.py for tasks to queue
[2023-06-24 21:54:11,555] {logging_mixin.py:104} INFO - [2023-06-24 21:54:11,555] {dagbag.py:496} INFO - Filling up the DagBag from /opt/airflow/dags/main.py
[2023-06-24 21:54:11,937] {scheduler_job.py:643} INFO - DAG(s) dict_keys(['booking_ingestion']) retrieved from /opt/airflow/dags/main.py
[2023-06-24 21:54:11,950] {logging_mixin.py:104} INFO - [2023-06-24 21:54:11,949] {dag.py:1833} INFO - Sync 1 DAGs
[2023-06-24 21:54:11,959] {logging_mixin.py:104} INFO - [2023-06-24 21:54:11,959] {dag.py:2306} INFO - Setting next_dagrun for booking_ingestion to 2023-06-24 21:46:56.830588+00:00
[2023-06-24 21:54:11,982] {scheduler_job.py:190} INFO - Processing /opt/airflow/dags/main.py took 0.432 seconds
[2023-06-24 21:54:42,188] {scheduler_job.py:182} INFO - Started process (PID=251) to work on /opt/airflow/dags/main.py
[2023-06-24 21:54:42,189] {scheduler_job.py:633} INFO - Processing file /opt/airflow/dags/main.py for tasks to queue
[2023-06-24 21:54:42,189] {logging_mixin.py:104} INFO - [2023-06-24 21:54:42,189] {dagbag.py:496} INFO - Filling up the DagBag from /opt/airflow/dags/main.py
[2023-06-24 21:54:42,524] {scheduler_job.py:643} INFO - DAG(s) dict_keys(['booking_ingestion']) retrieved from /opt/airflow/dags/main.py
[2023-06-24 21:54:42,537] {logging_mixin.py:104} INFO - [2023-06-24 21:54:42,537] {dag.py:1833} INFO - Sync 1 DAGs
[2023-06-24 21:54:42,547] {logging_mixin.py:104} INFO - [2023-06-24 21:54:42,546] {dag.py:2306} INFO - Setting next_dagrun for booking_ingestion to 2023-06-24 21:46:56.830588+00:00
[2023-06-24 21:54:42,570] {scheduler_job.py:190} INFO - Processing /opt/airflow/dags/main.py took 0.385 seconds
[2023-06-24 21:55:12,721] {scheduler_job.py:182} INFO - Started process (PID=263) to work on /opt/airflow/dags/main.py
[2023-06-24 21:55:12,722] {scheduler_job.py:633} INFO - Processing file /opt/airflow/dags/main.py for tasks to queue
[2023-06-24 21:55:12,722] {logging_mixin.py:104} INFO - [2023-06-24 21:55:12,722] {dagbag.py:496} INFO - Filling up the DagBag from /opt/airflow/dags/main.py
[2023-06-24 21:55:13,067] {scheduler_job.py:643} INFO - DAG(s) dict_keys(['booking_ingestion']) retrieved from /opt/airflow/dags/main.py
[2023-06-24 21:55:13,079] {logging_mixin.py:104} INFO - [2023-06-24 21:55:13,079] {dag.py:1833} INFO - Sync 1 DAGs
[2023-06-24 21:55:13,089] {logging_mixin.py:104} INFO - [2023-06-24 21:55:13,089] {dag.py:2306} INFO - Setting next_dagrun for booking_ingestion to 2023-06-24 21:46:56.830588+00:00
[2023-06-24 21:55:13,112] {scheduler_job.py:190} INFO - Processing /opt/airflow/dags/main.py took 0.393 seconds
[2023-06-24 21:55:43,274] {scheduler_job.py:182} INFO - Started process (PID=275) to work on /opt/airflow/dags/main.py
[2023-06-24 21:55:43,275] {scheduler_job.py:633} INFO - Processing file /opt/airflow/dags/main.py for tasks to queue
[2023-06-24 21:55:43,276] {logging_mixin.py:104} INFO - [2023-06-24 21:55:43,276] {dagbag.py:496} INFO - Filling up the DagBag from /opt/airflow/dags/main.py
[2023-06-24 21:55:43,641] {scheduler_job.py:643} INFO - DAG(s) dict_keys(['booking_ingestion']) retrieved from /opt/airflow/dags/main.py
[2023-06-24 21:55:43,657] {logging_mixin.py:104} INFO - [2023-06-24 21:55:43,656] {dag.py:1833} INFO - Sync 1 DAGs
[2023-06-24 21:55:43,669] {logging_mixin.py:104} INFO - [2023-06-24 21:55:43,669] {dag.py:2306} INFO - Setting next_dagrun for booking_ingestion to 2023-06-24 21:46:56.830588+00:00
[2023-06-24 21:55:43,695] {scheduler_job.py:190} INFO - Processing /opt/airflow/dags/main.py took 0.423 seconds
[2023-06-24 21:56:13,921] {scheduler_job.py:182} INFO - Started process (PID=287) to work on /opt/airflow/dags/main.py
[2023-06-24 21:56:13,922] {scheduler_job.py:633} INFO - Processing file /opt/airflow/dags/main.py for tasks to queue
[2023-06-24 21:56:13,923] {logging_mixin.py:104} INFO - [2023-06-24 21:56:13,923] {dagbag.py:496} INFO - Filling up the DagBag from /opt/airflow/dags/main.py
[2023-06-24 21:56:14,278] {scheduler_job.py:643} INFO - DAG(s) dict_keys(['booking_ingestion']) retrieved from /opt/airflow/dags/main.py
[2023-06-24 21:56:14,292] {logging_mixin.py:104} INFO - [2023-06-24 21:56:14,292] {dag.py:1833} INFO - Sync 1 DAGs
[2023-06-24 21:56:14,304] {logging_mixin.py:104} INFO - [2023-06-24 21:56:14,304] {dag.py:2306} INFO - Setting next_dagrun for booking_ingestion to 2023-06-24 21:46:56.830588+00:00
[2023-06-24 21:56:14,329] {scheduler_job.py:190} INFO - Processing /opt/airflow/dags/main.py took 0.410 seconds
[2023-06-24 21:56:44,588] {scheduler_job.py:182} INFO - Started process (PID=299) to work on /opt/airflow/dags/main.py
[2023-06-24 21:56:44,589] {scheduler_job.py:633} INFO - Processing file /opt/airflow/dags/main.py for tasks to queue
[2023-06-24 21:56:44,590] {logging_mixin.py:104} INFO - [2023-06-24 21:56:44,589] {dagbag.py:496} INFO - Filling up the DagBag from /opt/airflow/dags/main.py
[2023-06-24 21:56:44,936] {scheduler_job.py:643} INFO - DAG(s) dict_keys(['booking_ingestion']) retrieved from /opt/airflow/dags/main.py
[2023-06-24 21:56:44,950] {logging_mixin.py:104} INFO - [2023-06-24 21:56:44,950] {dag.py:1833} INFO - Sync 1 DAGs
[2023-06-24 21:56:44,961] {logging_mixin.py:104} INFO - [2023-06-24 21:56:44,961] {dag.py:2306} INFO - Setting next_dagrun for booking_ingestion to 2023-06-24 21:46:56.830588+00:00
[2023-06-24 21:56:44,987] {scheduler_job.py:190} INFO - Processing /opt/airflow/dags/main.py took 0.403 seconds
[2023-06-24 21:57:15,219] {scheduler_job.py:182} INFO - Started process (PID=311) to work on /opt/airflow/dags/main.py
[2023-06-24 21:57:15,220] {scheduler_job.py:633} INFO - Processing file /opt/airflow/dags/main.py for tasks to queue
[2023-06-24 21:57:15,220] {logging_mixin.py:104} INFO - [2023-06-24 21:57:15,220] {dagbag.py:496} INFO - Filling up the DagBag from /opt/airflow/dags/main.py
[2023-06-24 21:57:15,569] {scheduler_job.py:643} INFO - DAG(s) dict_keys(['booking_ingestion']) retrieved from /opt/airflow/dags/main.py
[2023-06-24 21:57:15,585] {logging_mixin.py:104} INFO - [2023-06-24 21:57:15,584] {dag.py:1833} INFO - Sync 1 DAGs
[2023-06-24 21:57:15,596] {logging_mixin.py:104} INFO - [2023-06-24 21:57:15,596] {dag.py:2306} INFO - Setting next_dagrun for booking_ingestion to 2023-06-24 21:46:56.830588+00:00
[2023-06-24 21:57:15,622] {scheduler_job.py:190} INFO - Processing /opt/airflow/dags/main.py took 0.406 seconds
