[2023-06-24 21:47:22,459] {taskinstance.py:896} INFO - Dependencies all met for <TaskInstance: booking_ingestion.load_data 2023-06-23T21:46:56.830588+00:00 [queued]>
[2023-06-24 21:47:22,487] {taskinstance.py:896} INFO - Dependencies all met for <TaskInstance: booking_ingestion.load_data 2023-06-23T21:46:56.830588+00:00 [queued]>
[2023-06-24 21:47:22,487] {taskinstance.py:1087} INFO - 
--------------------------------------------------------------------------------
[2023-06-24 21:47:22,487] {taskinstance.py:1088} INFO - Starting attempt 1 of 1
[2023-06-24 21:47:22,487] {taskinstance.py:1089} INFO - 
--------------------------------------------------------------------------------
[2023-06-24 21:47:22,509] {taskinstance.py:1107} INFO - Executing <Task(PythonOperator): load_data> on 2023-06-23T21:46:56.830588+00:00
[2023-06-24 21:47:22,511] {standard_task_runner.py:52} INFO - Started process 82 to run task
[2023-06-24 21:47:22,516] {standard_task_runner.py:76} INFO - Running: ['airflow', 'tasks', 'run', 'booking_ingestion', 'load_data', '2023-06-23T21:46:56.830588+00:00', '--job-id', '3', '--pool', 'default_pool', '--raw', '--subdir', 'DAGS_FOLDER/main.py', '--cfg-path', '/tmp/tmprbyi2919', '--error-file', '/tmp/tmpgutygglj']
[2023-06-24 21:47:22,517] {standard_task_runner.py:77} INFO - Job 3: Subtask load_data
[2023-06-24 21:47:22,570] {logging_mixin.py:104} INFO - Running <TaskInstance: booking_ingestion.load_data 2023-06-23T21:46:56.830588+00:00 [running]> on host 2711a7f04db3
[2023-06-24 21:47:22,647] {taskinstance.py:1300} INFO - Exporting the following env vars:
AIRFLOW_CTX_DAG_OWNER=airflow
AIRFLOW_CTX_DAG_ID=booking_ingestion
AIRFLOW_CTX_TASK_ID=load_data
AIRFLOW_CTX_EXECUTION_DATE=2023-06-23T21:46:56.830588+00:00
AIRFLOW_CTX_DAG_RUN_ID=scheduled__2023-06-23T21:46:56.830588+00:00
[2023-06-24 21:47:22,717] {python.py:151} INFO - Done. Returned value was: None
[2023-06-24 21:47:22,726] {taskinstance.py:1204} INFO - Marking task as SUCCESS. dag_id=booking_ingestion, task_id=load_data, execution_date=20230623T214656, start_date=20230624T214722, end_date=20230624T214722
[2023-06-24 21:47:22,763] {taskinstance.py:1265} INFO - 0 downstream tasks scheduled from follow-on schedule check
[2023-06-24 21:47:22,769] {local_task_job.py:151} INFO - Task exited with return code 0
